<?xml version="1.0" encoding="UTF-8"?>
<testsuite name="org.apache.hadoop.hive.cli.TestCliDriver" time="138.875" tests="25" errors="0" skipped="0" failures="1">
  <properties>
[...]
</properties>
  <testcase name="testCliDriver[vector_acid3]" classname="org.apache.hadoop.hive.cli.TestCliDriver" time="7.233"/>
  <testcase name="testCliDriver[nestedvirtual]" classname="org.apache.hadoop.hive.cli.TestCliDriver" time="7.424"/>
  <testcase name="testCliDriver[insert_overwrite_local_directory_1]" classname="org.apache.hadoop.hive.cli.TestCliDriver" time="19.764"/>
  <testcase name="testCliDriver[ppr_pushdown3]" classname="org.apache.hadoop.hive.cli.TestCliDriver" time="1.857"/>
  <testcase name="testCliDriver[delete_where_no_match]" classname="org.apache.hadoop.hive.cli.TestCliDriver" time="9.591"/>
  <testcase name="testCliDriver[vector_reduce1]" classname="org.apache.hadoop.hive.cli.TestCliDriver" time="4.878"/>
  <testcase name="testCliDriver[udf_atan]" classname="org.apache.hadoop.hive.cli.TestCliDriver" time="0.724"/>
  <testcase name="testCliDriver[delete_all_non_partitioned]" classname="org.apache.hadoop.hive.cli.TestCliDriver" time="8.521"/>
  <testcase name="testCliDriver[join24]" classname="org.apache.hadoop.hive.cli.TestCliDriver" time="6.656"/>
  <testcase name="testCliDriver[delete_all_partitioned]" classname="org.apache.hadoop.hive.cli.TestCliDriver" time="13.139"/>
  <testcase name="testCliDriver[skewjoin_union_remove_2]" classname="org.apache.hadoop.hive.cli.TestCliDriver" time="6.52"/>
  <testcase name="testCliDriver[masking_11]" classname="org.apache.hadoop.hive.cli.TestCliDriver" time="4.174">
    <failure message="Client Execution succeeded but contained differences (error code = 1) after executing masking_11.q &#10;16d15&#10;&lt; PREHOOK: Output: default@masking_test&#10;21d19&#10;&lt; POSTHOOK: Output: default@masking_test&#10;" type="java.lang.AssertionError"><![CDATA[java.lang.AssertionError: Client Execution succeeded but contained differences (error code = 1) after executing masking_11.q 
16d15
< PREHOOK: Output: default@masking_test
21d19
< POSTHOOK: Output: default@masking_test

	at org.junit.Assert.fail(Assert.java:88)
	at org.apache.hadoop.hive.ql.QTestUtil.failedDiff(QTestUtil.java:2175)
	at org.apache.hadoop.hive.cli.control.CoreCliDriver.runTest(CoreCliDriver.java:183)
	at org.apache.hadoop.hive.cli.control.CliAdapter.runTest(CliAdapter.java:104)
	at org.apache.hadoop.hive.cli.TestCliDriver.testCliDriver(TestCliDriver.java:59)
	at sun.reflect.NativeMethodAccessorImpl.invoke0(Native Method)
	at sun.reflect.NativeMethodAccessorImpl.invoke(NativeMethodAccessorImpl.java:62)
	at sun.reflect.DelegatingMethodAccessorImpl.invoke(DelegatingMethodAccessorImpl.java:43)
	at java.lang.reflect.Method.invoke(Method.java:498)
	at org.junit.runners.model.FrameworkMethod$1.runReflectiveCall(FrameworkMethod.java:47)
	at org.junit.internal.runners.model.ReflectiveCallable.run(ReflectiveCallable.java:12)
	at org.junit.runners.model.FrameworkMethod.invokeExplosively(FrameworkMethod.java:44)
	at org.junit.internal.runners.statements.InvokeMethod.evaluate(InvokeMethod.java:17)
	at org.apache.hadoop.hive.cli.control.CliAdapter$2$1.evaluate(CliAdapter.java:92)
	at org.junit.rules.RunRules.evaluate(RunRules.java:20)
	at org.junit.runners.ParentRunner.runLeaf(ParentRunner.java:271)
	at org.junit.runners.BlockJUnit4ClassRunner.runChild(BlockJUnit4ClassRunner.java:70)
	at org.junit.runners.BlockJUnit4ClassRunner.runChild(BlockJUnit4ClassRunner.java:50)
	at org.junit.runners.ParentRunner$3.run(ParentRunner.java:238)
	at org.junit.runners.ParentRunner$1.schedule(ParentRunner.java:63)
	at org.junit.runners.ParentRunner.runChildren(ParentRunner.java:236)
	at org.junit.runners.ParentRunner.access$000(ParentRunner.java:53)
	at org.junit.runners.ParentRunner$2.evaluate(ParentRunner.java:229)
	at org.junit.runners.ParentRunner.run(ParentRunner.java:309)
	at org.junit.runners.Suite.runChild(Suite.java:127)
	at org.junit.runners.Suite.runChild(Suite.java:26)
	at org.junit.runners.ParentRunner$3.run(ParentRunner.java:238)
	at org.junit.runners.ParentRunner$1.schedule(ParentRunner.java:63)
	at org.junit.runners.ParentRunner.runChildren(ParentRunner.java:236)
	at org.junit.runners.ParentRunner.access$000(ParentRunner.java:53)
	at org.junit.runners.ParentRunner$2.evaluate(ParentRunner.java:229)
	at org.apache.hadoop.hive.cli.control.CliAdapter$1$1.evaluate(CliAdapter.java:73)
	at org.junit.rules.RunRules.evaluate(RunRules.java:20)
	at org.junit.runners.ParentRunner.run(ParentRunner.java:309)
	at org.apache.maven.surefire.junit4.JUnit4Provider.execute(JUnit4Provider.java:283)
	at org.apache.maven.surefire.junit4.JUnit4Provider.executeWithRerun(JUnit4Provider.java:173)
	at org.apache.maven.surefire.junit4.JUnit4Provider.executeTestSet(JUnit4Provider.java:153)
	at org.apache.maven.surefire.junit4.JUnit4Provider.invoke(JUnit4Provider.java:128)
	at org.apache.maven.surefire.booter.ForkedBooter.invokeProviderInSameClassLoader(ForkedBooter.java:203)
	at org.apache.maven.surefire.booter.ForkedBooter.runSuitesInProcess(ForkedBooter.java:155)
	at org.apache.maven.surefire.booter.ForkedBooter.main(ForkedBooter.java:103)
]]></failure>
    <system-out><![CDATA[Running: diff -a /home/hiveptest/35.202.150.25-hiveptest-0/apache-github-source-source/itests/qtest/target/qfile-results/clientpositive/masking_11.q.out /home/hiveptest/35.202.150.25-hiveptest-0/apache-github-source-source/ql/src/test/results/clientpositive/masking_11.q.out
16d15
< PREHOOK: Output: default@masking_test
21d19
< POSTHOOK: Output: default@masking_test
]]></system-out>
    <system-err><![CDATA[Begin query: masking_11.q
Done querymasking_11.q. succeeded=false, skipped=false. ElapsedTime(ms)=3832
]]></system-err>
  </testcase>
  <testcase name="testCliDriver[bucketmapjoin_negative3]" classname="org.apache.hadoop.hive.cli.TestCliDriver" time="8.357"/>
  <testcase name="testCliDriver[union32]" classname="org.apache.hadoop.hive.cli.TestCliDriver" time="17.543"/>
  <testcase name="testCliDriver[authorization_cli_createtab]" classname="org.apache.hadoop.hive.cli.TestCliDriver" time="0.729"/>
  <testcase name="testCliDriver[flatten_and_or]" classname="org.apache.hadoop.hive.cli.TestCliDriver" time="0.626"/>
  <testcase name="testCliDriver[constant_prop_2]" classname="org.apache.hadoop.hive.cli.TestCliDriver" time="0.865"/>
  <testcase name="testCliDriver[insert_non_utf8_encoding_table]" classname="org.apache.hadoop.hive.cli.TestCliDriver" time="3.16"/>
  <testcase name="testCliDriver[vector_reduce3]" classname="org.apache.hadoop.hive.cli.TestCliDriver" time="4.668"/>
  <testcase name="testCliDriver[fold_when]" classname="org.apache.hadoop.hive.cli.TestCliDriver" time="2.104"/>
  <testcase name="testCliDriver[avro_charvarchar]" classname="org.apache.hadoop.hive.cli.TestCliDriver" time="3.337"/>
  <testcase name="testCliDriver[orc_empty_table]" classname="org.apache.hadoop.hive.cli.TestCliDriver" time="0.902"/>
  <testcase name="testCliDriver[join18_multi_distinct]" classname="org.apache.hadoop.hive.cli.TestCliDriver" time="4.549"/>
  <testcase name="testCliDriver[udf_log10]" classname="org.apache.hadoop.hive.cli.TestCliDriver" time="0.279"/>
  <testcase name="testCliDriver[cross_join]" classname="org.apache.hadoop.hive.cli.TestCliDriver" time="1.275"/>
</testsuite>